#
# There is insufficient memory for the Java Runtime Environment to continue.
# Native memory allocation (malloc) failed to allocate 1885296 bytes for Chunk::new
# Possible reasons:
#   The system is out of physical RAM or swap space
#   In 32 bit mode, the process size limit was hit
# Possible solutions:
#   Reduce memory load on the system
#   Increase physical memory or swap space
#   Check if swap backing store is full
#   Use 64 bit Java on a 64 bit OS
#   Decrease Java heap size (-Xmx/-Xms)
#   Decrease number of Java threads
#   Decrease Java thread stack sizes (-Xss)
#   Set larger code cache with -XX:ReservedCodeCacheSize=
# This output file may be truncated or incomplete.
#
#  Out of Memory Error (allocation.cpp:390), pid=6624, tid=0x00000000000050fc
#
# JRE version: OpenJDK Runtime Environment (8.0_152-b06) (build 1.8.0_152-release-1136-b06)
# Java VM: OpenJDK 64-Bit Server VM (25.152-b06 mixed mode windows-amd64 compressed oops)
# Failed to write core dump. Minidumps are not enabled by default on client versions of Windows
#

---------------  T H R E A D  ---------------

Current thread (0x000000001b2a0800):  JavaThread "C2 CompilerThread2" daemon [_thread_in_native, id=20732, stack(0x000000001bba0000,0x000000001bca0000)]

Stack: [0x000000001bba0000,0x000000001bca0000]
[error occurred during error reporting (printing stack bounds), id 0xc0000005]

Native frames: (J=compiled Java code, j=interpreted, Vv=VM code, C=native code)


Current CompileTask:
C2:  12430 3450       4       org.gradle.model.internal.type.ModelType::wrap (219 bytes)


---------------  P R O C E S S  ---------------

Java Threads: ( => current thread )
  0x0000000023207800 JavaThread "Memory manager" [_thread_blocked, id=9724, stack(0x0000000025970000,0x0000000025a70000)]
  0x000000002320d000 JavaThread "Build operations Thread 8" [_thread_blocked, id=17564, stack(0x0000000025670000,0x0000000025770000)]
  0x000000002320c000 JavaThread "Build operations Thread 7" [_thread_blocked, id=17652, stack(0x0000000025570000,0x0000000025670000)]
  0x000000002320b800 JavaThread "Build operations Thread 6" [_thread_blocked, id=21496, stack(0x0000000025470000,0x0000000025570000)]
  0x000000001c55f000 JavaThread "Build operations Thread 5" [_thread_blocked, id=17436, stack(0x0000000025370000,0x0000000025470000)]
  0x000000001c55f800 JavaThread "Build operations Thread 4" [_thread_blocked, id=11360, stack(0x0000000025270000,0x0000000025370000)]
  0x000000001c559800 JavaThread "Build operations Thread 3" [_thread_blocked, id=21964, stack(0x0000000025170000,0x0000000025270000)]
  0x000000001c55e000 JavaThread "Build operations Thread 2" [_thread_blocked, id=19060, stack(0x0000000025070000,0x0000000025170000)]
  0x000000001c55d800 JavaThread "Build operations" [_thread_blocked, id=6300, stack(0x0000000024f70000,0x0000000025070000)]
  0x000000001c55c000 JavaThread "Cache worker for Artifact transforms cache (C:\Users\Administrator\.gradle\caches\transforms-1)" [_thread_blocked, id=19892, stack(0x00000000222d0000,0x00000000223d0000)]
  0x000000001ee40000 JavaThread "Cache worker for file hash cache (D:\Bulletin_Board_ver6\.gradle\4.6\fileHashes)" [_thread_blocked, id=20812, stack(0x0000000020a00000,0x0000000020b00000)]
  0x000000001d223000 JavaThread "File lock request listener" [_thread_in_native, id=21620, stack(0x000000001f810000,0x000000001f910000)]
  0x000000001d64b000 JavaThread "Cache worker for file hash cache (C:\Users\Administrator\.gradle\caches\4.6\fileHashes)" [_thread_blocked, id=5968, stack(0x000000001f710000,0x000000001f810000)]
  0x000000001d2b2800 JavaThread "Stdin handler" [_thread_blocked, id=21368, stack(0x000000001e340000,0x000000001e440000)]
  0x000000001d2a4800 JavaThread "Asynchronous log dispatcher for DefaultDaemonConnection: socket connection from /127.0.0.1:64665 to /127.0.0.1:64666" [_thread_blocked, id=16448, stack(0x000000001e240000,0x000000001e340000)]
  0x000000001d195000 JavaThread "Daemon worker" [_thread_in_native, id=20884, stack(0x000000001e140000,0x000000001e240000)]
  0x000000001d192000 JavaThread "Cancel handler" [_thread_blocked, id=17012, stack(0x000000001e040000,0x000000001e140000)]
  0x000000001d1a3000 JavaThread "Handler for socket connection from /127.0.0.1:64665 to /127.0.0.1:64666" [_thread_in_native, id=21780, stack(0x000000001dd40000,0x000000001de40000)]
  0x000000001d19f800 JavaThread "Daemon" [_thread_blocked, id=22000, stack(0x000000001dc40000,0x000000001dd40000)]
  0x000000001d1f7800 JavaThread "Daemon periodic checks" [_thread_blocked, id=19052, stack(0x000000001db40000,0x000000001dc40000)]
  0x000000001d211800 JavaThread "Incoming local TCP Connector on port 64665" [_thread_in_native, id=18708, stack(0x000000001d970000,0x000000001da70000)]
  0x000000001b34c800 JavaThread "Service Thread" daemon [_thread_blocked, id=10540, stack(0x000000001bda0000,0x000000001bea0000)]
  0x000000001b2a7800 JavaThread "C1 CompilerThread3" daemon [_thread_blocked, id=10532, stack(0x000000001bca0000,0x000000001bda0000)]
=>0x000000001b2a0800 JavaThread "C2 CompilerThread2" daemon [_thread_in_native, id=20732, stack(0x000000001bba0000,0x000000001bca0000)]
  0x000000001b2a0000 JavaThread "C2 CompilerThread1" daemon [_thread_blocked, id=1940, stack(0x000000001baa0000,0x000000001bba0000)]
  0x000000001b29d000 JavaThread "C2 CompilerThread0" daemon [_thread_in_native, id=21104, stack(0x000000001b9a0000,0x000000001baa0000)]
  0x000000001b29b000 JavaThread "Attach Listener" daemon [_thread_blocked, id=21000, stack(0x000000001b8a0000,0x000000001b9a0000)]
  0x000000001b248000 JavaThread "Signal Dispatcher" daemon [_thread_blocked, id=14944, stack(0x000000001b7a0000,0x000000001b8a0000)]
  0x000000000553e800 JavaThread "Finalizer" daemon [_thread_blocked, id=7924, stack(0x000000001b610000,0x000000001b710000)]
  0x0000000005535000 JavaThread "Reference Handler" daemon [_thread_blocked, id=2484, stack(0x000000001b110000,0x000000001b210000)]
  0x000000000543d800 JavaThread "main" [_thread_blocked, id=12136, stack(0x00000000052f0000,0x00000000053f0000)]

Other Threads:
  0x00000000192f8000 VMThread [stack: 0x000000001b010000,0x000000001b110000] [id=8400]
  0x000000001b34d800 WatcherThread [stack: 0x000000001bea0000,0x000000001bfa0000] [id=13452]

VM state:not at safepoint (normal execution)

VM Mutex/Monitor currently owned by a thread: None

Heap:
 PSYoungGen      total 77312K, used 58510K [0x00000000e0000000, 0x00000000e5b00000, 0x0000000100000000)
  eden space 66560K, 87% used [0x00000000e0000000,0x00000000e3923b88,0x00000000e4100000)
  from space 10752K, 0% used [0x00000000e4c00000,0x00000000e4c00000,0x00000000e5680000)
  to   space 11264K, 0% used [0x00000000e4100000,0x00000000e4100000,0x00000000e4c00000)
 ParOldGen       total 65024K, used 14906K [0x00000000a0000000, 0x00000000a3f80000, 0x00000000e0000000)
  object space 65024K, 22% used [0x00000000a0000000,0x00000000a0e8eb28,0x00000000a3f80000)
 Metaspace       used 38367K, capacity 39080K, committed 39296K, reserved 1083392K
  class space    used 5238K, capacity 5469K, committed 5504K, reserved 1048576K

Card table byte_map: [0x0000000014900000,0x0000000014c10000] byte_map_base: 0x0000000014400000

Marking Bits: (ParMarkBitMap*) 0x00000000561b5aa0
 Begin Bits: [0x0000000015610000, 0x0000000016e10000)
 End Bits:   [0x0000000016e10000, 0x0000000018610000)

Polling page: 0x0000000004f30000

CodeCache: size=245760Kb used=12436Kb max_used=12436Kb free=233323Kb
 bounds [0x0000000005540000, 0x0000000006170000, 0x0000000014540000]
 total_blobs=4223 nmethods=3506 adapters=629
 compilation: enabled

Compilation events (10 events):
Event: 12.374 Thread 0x000000001b2a7800 3669       3       java.lang.ThreadLocal::get (38 bytes)
Event: 12.374 Thread 0x000000001b2a7800 nmethod 3669 0x0000000006158bd0 code [0x0000000006158d60, 0x00000000061590e8]
Event: 12.375 Thread 0x000000001b2a0000 3670       4       java.util.jar.Manifest::getAttributes (14 bytes)
Event: 12.376 Thread 0x000000001b29d000 nmethod 3668 0x0000000006157110 code [0x0000000006157260, 0x00000000061573f8]
Event: 12.376 Thread 0x000000001b29d000 3671   !   4       java.util.jar.Attributes::read (380 bytes)
Event: 12.380 Thread 0x000000001b2a0000 nmethod 3670 0x000000000615e0d0 code [0x000000000615e240, 0x000000000615e778]
Event: 12.380 Thread 0x000000001b2a0000 3672       4       java.lang.ThreadLocal$ThreadLocalMap::getEntry (42 bytes)
Event: 12.383 Thread 0x000000001b2a0000 nmethod 3672 0x000000000615dbd0 code [0x000000000615dd20, 0x000000000615deb8]
Event: 12.384 Thread 0x000000001b2a7800 3673       3       java.lang.CharacterDataLatin1::isWhitespace (23 bytes)
Event: 12.384 Thread 0x000000001b2a7800 nmethod 3673 0x000000000615d6d0 code [0x000000000615d840, 0x000000000615da90]

GC Heap History (10 events):
Event: 9.218 GC heap before
{Heap before GC invocations=8 (full 1):
 PSYoungGen      total 43008K, used 36739K [0x00000000e0000000, 0x00000000e4300000, 0x0000000100000000)
  eden space 32768K, 100% used [0x00000000e0000000,0x00000000e2000000,0x00000000e2000000)
  from space 10240K, 38% used [0x00000000e2a00000,0x00000000e2de0c80,0x00000000e3400000)
  to   space 10240K, 0% used [0x00000000e2000000,0x00000000e2000000,0x00000000e2a00000)
 ParOldGen       total 65024K, used 8429K [0x00000000a0000000, 0x00000000a3f80000, 0x00000000e0000000)
  object space 65024K, 12% used [0x00000000a0000000,0x00000000a083b788,0x00000000a3f80000)
 Metaspace       used 26559K, capacity 27042K, committed 27392K, reserved 1073152K
  class space    used 3637K, capacity 3801K, committed 3840K, reserved 1048576K
Event: 9.222 GC heap after
Heap after GC invocations=8 (full 1):
 PSYoungGen      total 43008K, used 5154K [0x00000000e0000000, 0x00000000e4500000, 0x0000000100000000)
  eden space 32768K, 0% used [0x00000000e0000000,0x00000000e0000000,0x00000000e2000000)
  from space 10240K, 50% used [0x00000000e2000000,0x00000000e2508998,0x00000000e2a00000)
  to   space 10240K, 0% used [0x00000000e3b00000,0x00000000e3b00000,0x00000000e4500000)
 ParOldGen       total 65024K, used 8437K [0x00000000a0000000, 0x00000000a3f80000, 0x00000000e0000000)
  object space 65024K, 12% used [0x00000000a0000000,0x00000000a083d788,0x00000000a3f80000)
 Metaspace       used 26559K, capacity 27042K, committed 27392K, reserved 1073152K
  class space    used 3637K, capacity 3801K, committed 3840K, reserved 1048576K
}
Event: 9.576 GC heap before
{Heap before GC invocations=9 (full 1):
 PSYoungGen      total 43008K, used 37922K [0x00000000e0000000, 0x00000000e4500000, 0x0000000100000000)
  eden space 32768K, 100% used [0x00000000e0000000,0x00000000e2000000,0x00000000e2000000)
  from space 10240K, 50% used [0x00000000e2000000,0x00000000e2508998,0x00000000e2a00000)
  to   space 10240K, 0% used [0x00000000e3b00000,0x00000000e3b00000,0x00000000e4500000)
 ParOldGen       total 65024K, used 8437K [0x00000000a0000000, 0x00000000a3f80000, 0x00000000e0000000)
  object space 65024K, 12% used [0x00000000a0000000,0x00000000a083d788,0x00000000a3f80000)
 Metaspace       used 28481K, capacity 29000K, committed 29312K, reserved 1075200K
  class space    used 3981K, capacity 4155K, committed 4224K, reserved 1048576K
Event: 9.590 GC heap after
Heap after GC invocations=9 (full 1):
 PSYoungGen      total 60928K, used 5934K [0x00000000e0000000, 0x00000000e4580000, 0x0000000100000000)
  eden space 50688K, 0% used [0x00000000e0000000,0x00000000e0000000,0x00000000e3180000)
  from space 10240K, 57% used [0x00000000e3b00000,0x00000000e40cb820,0x00000000e4500000)
  to   space 9728K, 0% used [0x00000000e3180000,0x00000000e3180000,0x00000000e3b00000)
 ParOldGen       total 65024K, used 8445K [0x00000000a0000000, 0x00000000a3f80000, 0x00000000e0000000)
  object space 65024K, 12% used [0x00000000a0000000,0x00000000a083f788,0x00000000a3f80000)
 Metaspace       used 28481K, capacity 29000K, committed 29312K, reserved 1075200K
  class space    used 3981K, capacity 4155K, committed 4224K, reserved 1048576K
}
Event: 11.457 GC heap before
{Heap before GC invocations=10 (full 1):
 PSYoungGen      total 60928K, used 56622K [0x00000000e0000000, 0x00000000e4580000, 0x0000000100000000)
  eden space 50688K, 100% used [0x00000000e0000000,0x00000000e3180000,0x00000000e3180000)
  from space 10240K, 57% used [0x00000000e3b00000,0x00000000e40cb820,0x00000000e4500000)
  to   space 9728K, 0% used [0x00000000e3180000,0x00000000e3180000,0x00000000e3b00000)
 ParOldGen       total 65024K, used 8445K [0x00000000a0000000, 0x00000000a3f80000, 0x00000000e0000000)
  object space 65024K, 12% used [0x00000000a0000000,0x00000000a083f788,0x00000000a3f80000)
 Metaspace       used 33246K, capacity 33874K, committed 34176K, reserved 1079296K
  class space    used 4648K, capacity 4866K, committed 4992K, reserved 1048576K
Event: 11.465 GC heap after
Heap after GC invocations=10 (full 1):
 PSYoungGen      total 60416K, used 9711K [0x00000000e0000000, 0x00000000e5680000, 0x0000000100000000)
  eden space 50688K, 0% used [0x00000000e0000000,0x00000000e0000000,0x00000000e3180000)
  from space 9728K, 99% used [0x00000000e3180000,0x00000000e3afbfe8,0x00000000e3b00000)
  to   space 10752K, 0% used [0x00000000e4c00000,0x00000000e4c00000,0x00000000e5680000)
 ParOldGen       total 65024K, used 8525K [0x00000000a0000000, 0x00000000a3f80000, 0x00000000e0000000)
  object space 65024K, 13% used [0x00000000a0000000,0x00000000a08537e8,0x00000000a3f80000)
 Metaspace       used 33246K, capacity 33874K, committed 34176K, reserved 1079296K
  class space    used 4648K, capacity 4866K, committed 4992K, reserved 1048576K
}
Event: 11.660 GC heap before
{Heap before GC invocations=11 (full 1):
 PSYoungGen      total 60416K, used 19332K [0x00000000e0000000, 0x00000000e5680000, 0x0000000100000000)
  eden space 50688K, 18% used [0x00000000e0000000,0x00000000e0965020,0x00000000e3180000)
  from space 9728K, 99% used [0x00000000e3180000,0x00000000e3afbfe8,0x00000000e3b00000)
  to   space 10752K, 0% used [0x00000000e4c00000,0x00000000e4c00000,0x00000000e5680000)
 ParOldGen       total 65024K, used 8525K [0x00000000a0000000, 0x00000000a3f80000, 0x00000000e0000000)
  object space 65024K, 13% used [0x00000000a0000000,0x00000000a08537e8,0x00000000a3f80000)
 Metaspace       used 34632K, capacity 35250K, committed 35416K, reserved 1079296K
  class space    used 4795K, capacity 5026K, committed 5120K, reserved 1048576K
Event: 11.665 GC heap after
Heap after GC invocations=11 (full 1):
 PSYoungGen      total 77312K, used 8302K [0x00000000e0000000, 0x00000000e5b00000, 0x0000000100000000)
  eden space 66560K, 0% used [0x00000000e0000000,0x00000000e0000000,0x00000000e4100000)
  from space 10752K, 77% used [0x00000000e4c00000,0x00000000e541bae8,0x00000000e5680000)
  to   space 11264K, 0% used [0x00000000e4100000,0x00000000e4100000,0x00000000e4c00000)
 ParOldGen       total 65024K, used 8533K [0x00000000a0000000, 0x00000000a3f80000, 0x00000000e0000000)
  object space 65024K, 13% used [0x00000000a0000000,0x00000000a08557e8,0x00000000a3f80000)
 Metaspace       used 34632K, capacity 35250K, committed 35416K, reserved 1079296K
  class space    used 4795K, capacity 5026K, committed 5120K, reserved 1048576K
}
Event: 11.665 GC heap before
{Heap before GC invocations=12 (full 2):
 PSYoungGen      total 77312K, used 8302K [0x00000000e0000000, 0x00000000e5b00000, 0x0000000100000000)
  eden space 66560K, 0% used [0x00000000e0000000,0x00000000e0000000,0x00000000e4100000)
  from space 10752K, 77% used [0x00000000e4c00000,0x00000000e541bae8,0x00000000e5680000)
  to   space 11264K, 0% used [0x00000000e4100000,0x00000000e4100000,0x00000000e4c00000)
 ParOldGen       total 65024K, used 8533K [0x00000000a0000000, 0x00000000a3f80000, 0x00000000e0000000)
  object space 65024K, 13% used [0x00000000a0000000,0x00000000a08557e8,0x00000000a3f80000)
 Metaspace       used 34632K, capacity 35250K, committed 35416K, reserved 1079296K
  class space    used 4795K, capacity 5026K, committed 5120K, reserved 1048576K
Event: 11.728 GC heap after
Heap after GC invocations=12 (full 2):
 PSYoungGen      total 77312K, used 0K [0x00000000e0000000, 0x00000000e5b00000, 0x0000000100000000)
  eden space 66560K, 0% used [0x00000000e0000000,0x00000000e0000000,0x00000000e4100000)
  from space 10752K, 0% used [0x00000000e4c00000,0x00000000e4c00000,0x00000000e5680000)
  to   space 11264K, 0% used [0x00000000e4100000,0x00000000e4100000,0x00000000e4c00000)
 ParOldGen       total 65024K, used 14906K [0x00000000a0000000, 0x00000000a3f80000, 0x00000000e0000000)
  object space 65024K, 22% used [0x00000000a0000000,0x00000000a0e8eb28,0x00000000a3f80000)
 Metaspace       used 34632K, capacity 35250K, committed 35416K, reserved 1079296K
  class space    used 4795K, capacity 5026K, committed 5120K, reserved 1048576K
}

Deoptimization events (10 events):
Event: 11.155 Thread 0x000000001d195000 Uncommon trap: reason=class_check action=maybe_recompile pc=0x0000000005d00688 method=java.io.BufferedInputStream.read1([BII)I @ 39
Event: 11.158 Thread 0x000000001d195000 Uncommon trap: reason=unstable_if action=reinterpret pc=0x00000000059ffd90 method=java.util.regex.Pattern.has(I)Z @ 6
Event: 11.262 Thread 0x000000001d195000 Uncommon trap: reason=predicate action=maybe_recompile pc=0x0000000005de7884 method=java.util.Arrays.binarySearch0([Ljava/lang/Object;IILjava/lang/Object;Ljava/util/Comparator;)I @ 28
Event: 12.007 Thread 0x000000001d195000 Uncommon trap: reason=unstable_if action=reinterpret pc=0x0000000005d8011c method=java.util.HashMap.putVal(ILjava/lang/Object;Ljava/lang/Object;ZZ)Ljava/lang/Object; @ 162
Event: 12.007 Thread 0x000000001d195000 Uncommon trap: reason=unstable_if action=reinterpret pc=0x00000000057e4494 method=java.util.HashMap.resize()[Ljava/util/HashMap$Node; @ 206
Event: 12.119 Thread 0x000000001d195000 Uncommon trap: reason=unstable_if action=reinterpret pc=0x000000000604b0f4 method=java.lang.reflect.Modifier.toString(I)Ljava/lang/String; @ 123
Event: 12.119 Thread 0x000000001d195000 Uncommon trap: reason=unstable_if action=reinterpret pc=0x0000000006060a6c method=java.lang.reflect.Modifier.toString(I)Ljava/lang/String; @ 123
Event: 12.292 Thread 0x000000001d195000 Uncommon trap: reason=unstable_if action=reinterpret pc=0x0000000005d1efc0 method=java.util.jar.Attributes$Name.isDigit(C)Z @ 3
Event: 12.314 Thread 0x000000001d195000 Uncommon trap: reason=unstable_if action=reinterpret pc=0x0000000005efd95c method=java.lang.ThreadLocal.get()Ljava/lang/Object; @ 11
Event: 12.377 Thread 0x000000001d195000 Uncommon trap: reason=unstable_if action=reinterpret pc=0x00000000059adcfc method=java.lang.CharacterDataLatin1.isWhitespace(I)Z @ 14

Classes redefined (0 events):
No events

Internal exceptions (10 events):
Event: 11.007 Thread 0x000000001d195000 Exception <a 'java/lang/ClassNotFoundException': org/gradle/api/tasks/DeleteCustomizer> (0x00000000e2405870) thrown at [D:\src\AOSP-openjdk-cygwin\jdk8u\hotspot\src\share\vm\classfile\systemDictionary.cpp, line 210]
Event: 11.009 Thread 0x000000001d195000 Exception <a 'java/lang/ClassNotFoundException': org/gradle/api/tasks/Delete_DecoratedCustomizer> (0x00000000e244d418) thrown at [D:\src\AOSP-openjdk-cygwin\jdk8u\hotspot\src\share\vm\classfile\systemDictionary.cpp, line 210]
Event: 11.075 Thread 0x000000001d195000 Exception <a 'java/lang/ClassNotFoundException': build_8plnlleqruvljcgzome0ls9cvBeanInfo> (0x00000000e2552050) thrown at [D:\src\AOSP-openjdk-cygwin\jdk8u\hotspot\src\share\vm\classfile\systemDictionary.cpp, line 210]
Event: 11.076 Thread 0x000000001d195000 Exception <a 'java/lang/ClassNotFoundException': build_8plnlleqruvljcgzome0ls9cvCustomizer> (0x00000000e255c780) thrown at [D:\src\AOSP-openjdk-cygwin\jdk8u\hotspot\src\share\vm\classfile\systemDictionary.cpp, line 210]
Event: 11.092 Thread 0x000000001d195000 Exception <a 'java/lang/ClassNotFoundException': build_8plnlleqruvljcgzome0ls9cvBeanInfo> (0x00000000e25e8168) thrown at [D:\src\AOSP-openjdk-cygwin\jdk8u\hotspot\src\share\vm\classfile\systemDictionary.cpp, line 210]
Event: 11.092 Thread 0x000000001d195000 Exception <a 'java/lang/ClassNotFoundException': build_8plnlleqruvljcgzome0ls9cvCustomizer> (0x00000000e26011c0) thrown at [D:\src\AOSP-openjdk-cygwin\jdk8u\hotspot\src\share\vm\classfile\systemDictionary.cpp, line 210]
Event: 11.094 Thread 0x000000001d195000 Exception <a 'java/lang/ClassNotFoundException': org/gradle/api/internal/plugins/DefaultObjectConfigurationActionBeanInfo> (0x00000000e26690d8) thrown at [D:\src\AOSP-openjdk-cygwin\jdk8u\hotspot\src\share\vm\classfile\systemDictionary.cpp, line 210]
Event: 11.095 Thread 0x000000001d195000 Exception <a 'java/lang/ClassNotFoundException': org/gradle/api/internal/plugins/DefaultObjectConfigurationActionCustomizer> (0x00000000e26a2f98) thrown at [D:\src\AOSP-openjdk-cygwin\jdk8u\hotspot\src\share\vm\classfile\systemDictionary.cpp, line 210]
Event: 11.876 Thread 0x000000001d195000 Exception <a 'sun/nio/fs/WindowsException'> (0x00000000e06c21e8) thrown at [D:\src\AOSP-openjdk-cygwin\jdk8u\hotspot\src\share\vm\prims\jni.cpp, line 709]
Event: 12.314 Thread 0x000000001d195000 Implicit null exception at 0x0000000005efd428 to 0x0000000005efd945

Events (10 events):
Event: 12.384 loading class sun/text/normalizer/NormalizerBase$NFKDMode done
Event: 12.384 loading class sun/text/normalizer/NormalizerBase$NFCMode
Event: 12.384 loading class sun/text/normalizer/NormalizerBase$NFCMode done
Event: 12.384 loading class sun/text/normalizer/NormalizerBase$NFKCMode
Event: 12.384 loading class sun/text/normalizer/NormalizerBase$NFKCMode done
Event: 12.384 loading class sun/text/normalizer/NormalizerBase$QuickCheckResult
Event: 12.384 loading class sun/text/normalizer/NormalizerBase$QuickCheckResult done
Event: 12.384 loading class sun/text/normalizer/NormalizerBase$1
Event: 12.384 loading class sun/text/normalizer/NormalizerBase$1 done
Event: 12.384 loading class java/security/Signature


Dynamic libraries:
0x00007ff704160000 - 0x00007ff704191000 	D:\Android3\jre\bin\java.exe
0x00007ff9711d0000 - 0x00007ff9713b0000 	C:\WINDOWS\SYSTEM32\ntdll.dll
0x00007ff96f890000 - 0x00007ff96f93e000 	C:\WINDOWS\System32\KERNEL32.DLL
0x00007ff96d750000 - 0x00007ff96d9b6000 	C:\WINDOWS\System32\KERNELBASE.dll
0x00007ff970e20000 - 0x00007ff970ec1000 	C:\WINDOWS\System32\ADVAPI32.dll
0x00007ff96e6a0000 - 0x00007ff96e73d000 	C:\WINDOWS\System32\msvcrt.dll
0x00007ff96f5e0000 - 0x00007ff96f63b000 	C:\WINDOWS\System32\sechost.dll
0x00007ff96ec10000 - 0x00007ff96ed2f000 	C:\WINDOWS\System32\RPCRT4.dll
0x00007ff96f0d0000 - 0x00007ff96f25f000 	C:\WINDOWS\System32\USER32.dll
0x00007ff96da70000 - 0x00007ff96da90000 	C:\WINDOWS\System32\win32u.dll
0x00007ff96f640000 - 0x00007ff96f668000 	C:\WINDOWS\System32\GDI32.dll
0x00007ff96ddb0000 - 0x00007ff96df43000 	C:\WINDOWS\System32\gdi32full.dll
0x00007ff96da90000 - 0x00007ff96db2b000 	C:\WINDOWS\System32\msvcp_win.dll
0x00007ff96d5d0000 - 0x00007ff96d6c6000 	C:\WINDOWS\System32\ucrtbase.dll
0x00007ff95e980000 - 0x00007ff95ebe9000 	C:\WINDOWS\WinSxS\amd64_microsoft.windows.common-controls_6595b64144ccf1df_6.0.16299.492_none_15c8d3609364b9b0\COMCTL32.dll
0x00007ff96f2c0000 - 0x00007ff96f5c7000 	C:\WINDOWS\System32\combase.dll
0x00007ff96d6d0000 - 0x00007ff96d742000 	C:\WINDOWS\System32\bcryptPrimitives.dll
0x00007ff96f6f0000 - 0x00007ff96f71d000 	C:\WINDOWS\System32\IMM32.DLL
0x0000000055910000 - 0x00000000559e2000 	D:\Android3\jre\jre\bin\msvcr100.dll
0x00000000559f0000 - 0x0000000056231000 	D:\Android3\jre\jre\bin\server\jvm.dll
0x00007ff96f6e0000 - 0x00007ff96f6e8000 	C:\WINDOWS\System32\PSAPI.DLL
0x00007ff968850000 - 0x00007ff96885a000 	C:\WINDOWS\SYSTEM32\VERSION.dll
0x00007ff965d50000 - 0x00007ff965d73000 	C:\WINDOWS\SYSTEM32\WINMM.dll
0x00007ff960e50000 - 0x00007ff960e59000 	C:\WINDOWS\SYSTEM32\WSOCK32.dll
0x00007ff96f670000 - 0x00007ff96f6dc000 	C:\WINDOWS\System32\WS2_32.dll
0x00007ff965d20000 - 0x00007ff965d4a000 	C:\WINDOWS\SYSTEM32\winmmbase.dll
0x00007ff96d9c0000 - 0x00007ff96da0a000 	C:\WINDOWS\System32\cfgmgr32.dll
0x00007ff9601a0000 - 0x00007ff9601af000 	D:\Android3\jre\jre\bin\verify.dll
0x00007ff9562e0000 - 0x00007ff956309000 	D:\Android3\jre\jre\bin\java.dll
0x00007ff956200000 - 0x00007ff956216000 	D:\Android3\jre\jre\bin\zip.dll
0x00007ff96f940000 - 0x00007ff970d78000 	C:\WINDOWS\System32\SHELL32.dll
0x00007ff96eed0000 - 0x00007ff96ef76000 	C:\WINDOWS\System32\shcore.dll
0x00007ff96df50000 - 0x00007ff96e697000 	C:\WINDOWS\System32\windows.storage.dll
0x00007ff96f260000 - 0x00007ff96f2b1000 	C:\WINDOWS\System32\shlwapi.dll
0x00007ff96d590000 - 0x00007ff96d5a1000 	C:\WINDOWS\System32\kernel.appcore.dll
0x00007ff96d520000 - 0x00007ff96d56c000 	C:\WINDOWS\System32\powrprof.dll
0x00007ff96d5b0000 - 0x00007ff96d5cb000 	C:\WINDOWS\System32\profapi.dll
0x00007ff9558d0000 - 0x00007ff9558ea000 	D:\Android3\jre\jre\bin\net.dll
0x00007ff96cd50000 - 0x00007ff96cdb6000 	C:\WINDOWS\system32\mswsock.dll
0x00007ff9491a0000 - 0x00007ff9491b1000 	D:\Android3\jre\jre\bin\nio.dll
0x00007ff956530000 - 0x00007ff95654e000 	C:\Users\Administrator\.gradle\native\25\windows-amd64\native-platform.dll
0x00007ff95cc50000 - 0x00007ff95cc5d000 	D:\Android3\jre\jre\bin\management.dll
0x00007ff96cf10000 - 0x00007ff96cf27000 	C:\WINDOWS\SYSTEM32\CRYPTSP.dll
0x00007ff96c950000 - 0x00007ff96c983000 	C:\WINDOWS\system32\rsaenh.dll
0x00007ff96d010000 - 0x00007ff96d035000 	C:\WINDOWS\SYSTEM32\bcrypt.dll
0x00007ff96d420000 - 0x00007ff96d449000 	C:\WINDOWS\SYSTEM32\USERENV.dll
0x00007ff96d350000 - 0x00007ff96d35b000 	C:\WINDOWS\SYSTEM32\CRYPTBASE.dll
0x00007ff96cae0000 - 0x00007ff96cb19000 	C:\WINDOWS\SYSTEM32\IPHLPAPI.DLL
0x00007ff96ed30000 - 0x00007ff96ed38000 	C:\WINDOWS\System32\NSI.dll
0x00007ff9686f0000 - 0x00007ff968706000 	C:\WINDOWS\SYSTEM32\dhcpcsvc6.DLL
0x00007ff968320000 - 0x00007ff96833a000 	C:\WINDOWS\SYSTEM32\dhcpcsvc.DLL

VM Arguments:
jvm_args: -Xmx1536m -Dfile.encoding=x-windows-949 -Duser.country=KR -Duser.language=ko -Duser.variant 
java_command: org.gradle.launcher.daemon.bootstrap.GradleDaemon 4.6
java_class_path (initial): C:\Users\Administrator\.gradle\wrapper\dists\gradle-4.6-all\bcst21l2brirad8k2ben1letg\gradle-4.6\lib\gradle-launcher-4.6.jar
Launcher Type: SUN_STANDARD

Environment Variables:
PATH=C:\Program Files\NVIDIA GPU Computing Toolkit\CUDA\v9.0\bin;C:\Program Files\NVIDIA GPU Computing Toolkit\CUDA\v9.0\libnvvp;C:\WINDOWS\system32;C:\WINDOWS;C:\WINDOWS\System32\Wbem;C:\WINDOWS\System32\WindowsPowerShell\v1.0\;C:\Program Files (x86)\NVIDIA Corporation\PhysX\Common;C:\Program Files\Microsoft VS Code\bin;C:\Program Files\Git\cmd;C:\Users\Administrator\AppData\Roaming\Microsoft\Windows\Start Menu\Programs\Anaconda3 (64-bit);C:\Program Files\Microsoft VS Code\Code.exe;C:\Users\Administrator\AppData\Local\Programs\Python\Python37\Scripts\;C:\Users\Administrator\AppData\Local\Programs\Python\Python37\;C:\Program Files\nodejs\;C:\Users\Administrator\AppData\Roaming\OCamlPro\OCPWin\wrappers;C:\Users\Administrator\AppData\Roaming\OCamlPro\OCPWin\4.01.0+ocp1-full-mingw64-20160113\bin;C:\Users\Administrator\AppData\Local\Microsoft\WindowsApps;C:\Users\Administrator\AppData\Roaming\npm;C:\Users\Administrator\AppData\Local\atom\bin
USERNAME=Administrator
OS=Windows_NT
PROCESSOR_IDENTIFIER=Intel64 Family 6 Model 94 Stepping 3, GenuineIntel



---------------  S Y S T E M  ---------------

OS: Windows 10.0 , 64 bit Build 16299 (10.0.16299.431)

CPU:total 8 (initial active 8) (4 cores per cpu, 2 threads per core) family 6 model 94 stepping 3, cmov, cx8, fxsr, mmx, sse, sse2, sse3, ssse3, sse4.1, sse4.2, popcnt, avx, avx2, aes, clmul, erms, rtm, 3dnowpref, lzcnt, ht, tsc, tscinvbit, bmi1, bmi2, adx

Memory: 4k page, physical 8336172k(759884k free), swap 33501996k(5280k free)

vm_info: OpenJDK 64-Bit Server VM (25.152-b06) for windows-amd64 JRE (1.8.0_152-release-1136-b06), built by "builder" with MS VC++ 10.0 (VS2010)

time: Fri Dec 07 17:37:12 2018
elapsed time: 12 seconds (0d 0h 0m 12s)

