#
# There is insufficient memory for the Java Runtime Environment to continue.
# Native memory allocation (malloc) failed to allocate 661776 bytes for Chunk::new
# Possible reasons:
#   The system is out of physical RAM or swap space
#   In 32 bit mode, the process size limit was hit
# Possible solutions:
#   Reduce memory load on the system
#   Increase physical memory or swap space
#   Check if swap backing store is full
#   Use 64 bit Java on a 64 bit OS
#   Decrease Java heap size (-Xmx/-Xms)
#   Decrease number of Java threads
#   Decrease Java thread stack sizes (-Xss)
#   Set larger code cache with -XX:ReservedCodeCacheSize=
# This output file may be truncated or incomplete.
#
#  Out of Memory Error (allocation.cpp:390), pid=19020, tid=0x00000000000045b0
#
# JRE version: OpenJDK Runtime Environment (8.0_152-b06) (build 1.8.0_152-release-1136-b06)
# Java VM: OpenJDK 64-Bit Server VM (25.152-b06 mixed mode windows-amd64 compressed oops)
# Failed to write core dump. Minidumps are not enabled by default on client versions of Windows
#

---------------  T H R E A D  ---------------

Current thread (0x000000001aaed000):  JavaThread "C2 CompilerThread0" daemon [_thread_in_native, id=17840, stack(0x000000001b1b0000,0x000000001b2b0000)]

Stack: [0x000000001b1b0000,0x000000001b2b0000]
[error occurred during error reporting (printing stack bounds), id 0xc0000005]

Native frames: (J=compiled Java code, j=interpreted, Vv=VM code, C=native code)


Current CompileTask:
C2: 501139 11315 %     4       org.apache.ivy.core.IvyPatternHelper::substituteTokens @ 83 (638 bytes)


---------------  P R O C E S S  ---------------

Java Threads: ( => current thread )
  0x000000001f7c4000 JavaThread "Task worker for ':' Thread 7" [_thread_blocked, id=2304, stack(0x000000002ca80000,0x000000002cb80000)]
  0x000000001f7c6000 JavaThread "Task worker for ':' Thread 6" [_thread_blocked, id=20732, stack(0x000000002c980000,0x000000002ca80000)]
  0x000000001f7c2800 JavaThread "Task worker for ':' Thread 5" [_thread_blocked, id=21116, stack(0x000000002c880000,0x000000002c980000)]
  0x00000000223f8800 JavaThread "Task worker for ':' Thread 4" [_thread_blocked, id=20408, stack(0x000000002c780000,0x000000002c880000)]
  0x00000000223f4000 JavaThread "Task worker for ':' Thread 3" [_thread_blocked, id=8040, stack(0x000000002c680000,0x000000002c780000)]
  0x00000000223f7800 JavaThread "Task worker for ':' Thread 2" [_thread_blocked, id=5532, stack(0x000000002c580000,0x000000002c680000)]
  0x00000000223f3000 JavaThread "Task worker for ':'" [_thread_blocked, id=13476, stack(0x000000002c480000,0x000000002c580000)]
  0x00000000223f5800 JavaThread "Cache worker for Build Output Cleanup Cache (D:\Bulletin_Board_ver6\.gradle\buildOutputCleanup)" [_thread_blocked, id=6136, stack(0x000000002c380000,0x000000002c480000)]
  0x00000000223f4800 JavaThread "Cache worker for task history cache (D:\Bulletin_Board_ver6\.gradle\4.6\taskHistory)" [_thread_blocked, id=16512, stack(0x000000002c280000,0x000000002c380000)]
  0x00000000223f7000 JavaThread "Cache worker for file content cache (D:\Bulletin_Board_ver6\.gradle\4.6\fileContent)" [_thread_blocked, id=18752, stack(0x000000002c180000,0x000000002c280000)]
  0x00000000223f1800 JavaThread "Build operations Thread 8" [_thread_in_Java, id=17280, stack(0x000000002c080000,0x000000002c180000)]
  0x00000000223f1000 JavaThread "Build operations Thread 7" [_thread_blocked, id=7552, stack(0x000000002bf80000,0x000000002c080000)]
  0x00000000223ef800 JavaThread "Build operations Thread 6" [_thread_blocked, id=16816, stack(0x000000002be80000,0x000000002bf80000)]
  0x00000000223f0000 JavaThread "Build operations Thread 5" [_thread_blocked, id=20572, stack(0x000000002bd80000,0x000000002be80000)]
  0x000000001fb59800 JavaThread "Build operations Thread 4" [_thread_in_native, id=18840, stack(0x000000002bc80000,0x000000002bd80000)]
  0x000000001fb58000 JavaThread "Build operations Thread 3" [_thread_blocked, id=22324, stack(0x000000002bb80000,0x000000002bc80000)]
  0x000000001fb50800 JavaThread "Build operations Thread 2" [_thread_blocked, id=12864, stack(0x000000002ba80000,0x000000002bb80000)]
  0x000000001fb57000 JavaThread "Build operations" [_thread_in_native, id=19884, stack(0x000000002b980000,0x000000002ba80000)]
  0x000000001fb56800 JavaThread "Cache worker for Artifact transforms cache (C:\Users\Administrator\.gradle\caches\transforms-1)" [_thread_blocked, id=7348, stack(0x000000002b880000,0x000000002b980000)]
  0x000000001fb55800 JavaThread "Cache worker for file hash cache (D:\Bulletin_Board_ver6\.gradle\4.6\fileHashes)" [_thread_blocked, id=15460, stack(0x000000002b780000,0x000000002b880000)]
  0x000000001fb4e000 JavaThread "Stdin handler" [_thread_blocked, id=20180, stack(0x000000002b680000,0x000000002b780000)]
  0x000000001fb55000 JavaThread "Asynchronous log dispatcher for DefaultDaemonConnection: socket connection from /127.0.0.1:64691 to /127.0.0.1:64815" [_thread_blocked, id=19136, stack(0x000000002b580000,0x000000002b680000)]
  0x000000001fb51000 JavaThread "Daemon worker Thread 2" [_thread_blocked, id=15568, stack(0x000000002b480000,0x000000002b580000)]
  0x000000001fb4d800 JavaThread "Cancel handler" [_thread_blocked, id=16548, stack(0x000000002b380000,0x000000002b480000)]
  0x000000001fb4f800 JavaThread "Handler for socket connection from /127.0.0.1:64691 to /127.0.0.1:64815" [_thread_in_native, id=12628, stack(0x000000002b280000,0x000000002b380000)]
  0x000000001fb4f000 JavaThread "Daemon Thread 2" [_thread_blocked, id=22196, stack(0x000000002b180000,0x000000002b280000)]
  0x00000000223eb800 JavaThread "pool-1-thread-1" [_thread_blocked, id=16992, stack(0x000000002ac70000,0x000000002ad70000)]
  0x000000001fb4b000 JavaThread "Memory manager" [_thread_blocked, id=2484, stack(0x0000000024cc0000,0x0000000024dc0000)]
  0x000000001cad4000 JavaThread "File lock request listener" [_thread_in_native, id=20084, stack(0x000000001e050000,0x000000001e150000)]
  0x000000001cad3800 JavaThread "Cache worker for file hash cache (C:\Users\Administrator\.gradle\caches\4.6\fileHashes)" [_thread_blocked, id=2528, stack(0x000000001df50000,0x000000001e050000)]
  0x000000001c7e2800 JavaThread "Daemon periodic checks" [_thread_blocked, id=19336, stack(0x000000001d350000,0x000000001d450000)]
  0x000000001c7f7000 JavaThread "Incoming local TCP Connector on port 64691" [_thread_in_native, id=1360, stack(0x000000001d180000,0x000000001d280000)]
  0x000000001abe3800 JavaThread "Service Thread" daemon [_thread_blocked, id=22044, stack(0x000000001b5b0000,0x000000001b6b0000)]
  0x0000000018bdd000 JavaThread "C1 CompilerThread3" daemon [_thread_blocked, id=16916, stack(0x000000001b4b0000,0x000000001b5b0000)]
  0x000000001aaf2800 JavaThread "C2 CompilerThread2" daemon [_thread_in_native, id=21820, stack(0x000000001b3b0000,0x000000001b4b0000)]
  0x000000001aaf2000 JavaThread "C2 CompilerThread1" daemon [_thread_in_native, id=8240, stack(0x000000001b2b0000,0x000000001b3b0000)]
=>0x000000001aaed000 JavaThread "C2 CompilerThread0" daemon [_thread_in_native, id=17840, stack(0x000000001b1b0000,0x000000001b2b0000)]
  0x000000001aaeb800 JavaThread "Attach Listener" daemon [_thread_blocked, id=16520, stack(0x000000001b0b0000,0x000000001b1b0000)]
  0x000000001ab48800 JavaThread "Signal Dispatcher" daemon [_thread_blocked, id=15548, stack(0x000000001afb0000,0x000000001b0b0000)]
  0x0000000004e0e800 JavaThread "Finalizer" daemon [_thread_blocked, id=22356, stack(0x000000001aeb0000,0x000000001afb0000)]
  0x0000000004e05000 JavaThread "Reference Handler" daemon [_thread_blocked, id=18948, stack(0x000000001a9b0000,0x000000001aab0000)]
  0x0000000004d0d800 JavaThread "main" [_thread_blocked, id=10368, stack(0x0000000004b50000,0x0000000004c50000)]

Other Threads:
  0x0000000018bc8000 VMThread [stack: 0x000000001a8b0000,0x000000001a9b0000] [id=9356]
  0x000000001abe4000 WatcherThread [stack: 0x000000001b6b0000,0x000000001b7b0000] [id=20788]

VM state:not at safepoint (normal execution)

VM Mutex/Monitor currently owned by a thread: None

Heap:
 PSYoungGen      total 161280K, used 66403K [0x00000000e0000000, 0x00000000ecf00000, 0x0000000100000000)
  eden space 138240K, 31% used [0x00000000e0000000,0x00000000e2a93b08,0x00000000e8700000)
  from space 23040K, 98% used [0x00000000e8700000,0x00000000e9d45140,0x00000000e9d80000)
  to   space 26112K, 0% used [0x00000000eb580000,0x00000000eb580000,0x00000000ecf00000)
 ParOldGen       total 154112K, used 41127K [0x00000000a0000000, 0x00000000a9680000, 0x00000000e0000000)
  object space 154112K, 26% used [0x00000000a0000000,0x00000000a2829d40,0x00000000a9680000)
 Metaspace       used 78370K, capacity 81650K, committed 81792K, reserved 1120256K
  class space    used 10410K, capacity 11073K, committed 11136K, reserved 1048576K

Card table byte_map: [0x00000000141d0000,0x00000000144e0000] byte_map_base: 0x0000000013cd0000

Marking Bits: (ParMarkBitMap*) 0x00000000561b5aa0
 Begin Bits: [0x0000000014ee0000, 0x00000000166e0000)
 End Bits:   [0x00000000166e0000, 0x0000000017ee0000)

Polling page: 0x0000000002fa0000

CodeCache: size=245760Kb used=30921Kb max_used=30931Kb free=214838Kb
 bounds [0x0000000004e10000, 0x0000000006c70000, 0x0000000013e10000]
 total_blobs=10415 nmethods=9566 adapters=761
 compilation: enabled

Compilation events (10 events):
Event: 501.010 Thread 0x0000000018bdd000 11385       3       org.gradle.api.internal.changedetection.state.CollectingFileCollectionSnapshotBuilder::build (41 bytes)
Event: 501.011 Thread 0x0000000018bdd000 nmethod 11385 0x0000000006c5c510 code [0x0000000006c5c6a0, 0x0000000006c5cb08]
Event: 501.015 Thread 0x0000000018bdd000 11387       3       org.gradle.api.internal.changedetection.state.FileCollectionVisitingSnapshotBuilder::visitFileSnapshot (9 bytes)
Event: 501.016 Thread 0x0000000018bdd000 nmethod 11387 0x0000000006c5c110 code [0x0000000006c5c280, 0x0000000006c5c428]
Event: 501.021 Thread 0x0000000018bdd000 11388       2       org.gradle.api.internal.changedetection.state.CachingFileHasher::snapshot (114 bytes)
Event: 501.022 Thread 0x0000000018bdd000 nmethod 11388 0x0000000006c5b810 code [0x0000000006c5b9c0, 0x0000000006c5bdf8]
Event: 501.038 Thread 0x0000000018bdd000 11389       3       org.gradle.api.tasks.util.internal.PatternSets$PatternSetFactory::create (5 bytes)
Event: 501.039 Thread 0x0000000018bdd000 nmethod 11389 0x0000000006c5b150 code [0x0000000006c5b2c0, 0x0000000006c5b690]
Event: 501.039 Thread 0x0000000018bdd000 11390       3       org.gradle.api.tasks.util.internal.PatternSets$InternalPatternSet::<init> (6 bytes)
Event: 501.039 Thread 0x0000000018bdd000 nmethod 11390 0x0000000006c5acd0 code [0x0000000006c5ae40, 0x0000000006c5b070]

GC Heap History (10 events):
Event: 8.099 GC heap before
{Heap before GC invocations=14 (full 2):
 PSYoungGen      total 111616K, used 111612K [0x00000000e0000000, 0x00000000e9400000, 0x0000000100000000)
  eden space 100352K, 100% used [0x00000000e0000000,0x00000000e6200000,0x00000000e6200000)
  from space 11264K, 99% used [0x00000000e6200000,0x00000000e6cff3f8,0x00000000e6d00000)
  to   space 14848K, 0% used [0x00000000e8580000,0x00000000e8580000,0x00000000e9400000)
 ParOldGen       total 94208K, used 21532K [0x00000000a0000000, 0x00000000a5c00000, 0x00000000e0000000)
  object space 94208K, 22% used [0x00000000a0000000,0x00000000a1507260,0x00000000a5c00000)
 Metaspace       used 54261K, capacity 55924K, committed 56064K, reserved 1097728K
  class space    used 7445K, capacity 7850K, committed 7936K, reserved 1048576K
Event: 8.114 GC heap after
Heap after GC invocations=14 (full 2):
 PSYoungGen      total 132608K, used 14845K [0x00000000e0000000, 0x00000000e9e80000, 0x0000000100000000)
  eden space 117760K, 0% used [0x00000000e0000000,0x00000000e0000000,0x00000000e7300000)
  from space 14848K, 99% used [0x00000000e8580000,0x00000000e93ff4e0,0x00000000e9400000)
  to   space 18944K, 0% used [0x00000000e7300000,0x00000000e7300000,0x00000000e8580000)
 ParOldGen       total 94208K, used 28051K [0x00000000a0000000, 0x00000000a5c00000, 0x00000000e0000000)
  object space 94208K, 29% used [0x00000000a0000000,0x00000000a1b64cb0,0x00000000a5c00000)
 Metaspace       used 54261K, capacity 55924K, committed 56064K, reserved 1097728K
  class space    used 7445K, capacity 7850K, committed 7936K, reserved 1048576K
}
Event: 13.787 GC heap before
{Heap before GC invocations=15 (full 2):
 PSYoungGen      total 132608K, used 120826K [0x00000000e0000000, 0x00000000e9e80000, 0x0000000100000000)
  eden space 117760K, 89% used [0x00000000e0000000,0x00000000e677f648,0x00000000e7300000)
  from space 14848K, 99% used [0x00000000e8580000,0x00000000e93ff4e0,0x00000000e9400000)
  to   space 18944K, 0% used [0x00000000e7300000,0x00000000e7300000,0x00000000e8580000)
 ParOldGen       total 94208K, used 28051K [0x00000000a0000000, 0x00000000a5c00000, 0x00000000e0000000)
  object space 94208K, 29% used [0x00000000a0000000,0x00000000a1b64cb0,0x00000000a5c00000)
 Metaspace       used 57176K, capacity 58908K, committed 59008K, reserved 1099776K
  class space    used 7817K, capacity 8261K, committed 8320K, reserved 1048576K
Event: 13.801 GC heap after
Heap after GC invocations=15 (full 2):
 PSYoungGen      total 136704K, used 18927K [0x00000000e0000000, 0x00000000eb880000, 0x0000000100000000)
  eden space 117760K, 0% used [0x00000000e0000000,0x00000000e0000000,0x00000000e7300000)
  from space 18944K, 99% used [0x00000000e7300000,0x00000000e857bef0,0x00000000e8580000)
  to   space 23552K, 0% used [0x00000000ea180000,0x00000000ea180000,0x00000000eb880000)
 ParOldGen       total 94208K, used 33317K [0x00000000a0000000, 0x00000000a5c00000, 0x00000000e0000000)
  object space 94208K, 35% used [0x00000000a0000000,0x00000000a20895c8,0x00000000a5c00000)
 Metaspace       used 57176K, capacity 58908K, committed 59008K, reserved 1099776K
  class space    used 7817K, capacity 8261K, committed 8320K, reserved 1048576K
}
Event: 13.801 GC heap before
{Heap before GC invocations=16 (full 3):
 PSYoungGen      total 136704K, used 18927K [0x00000000e0000000, 0x00000000eb880000, 0x0000000100000000)
  eden space 117760K, 0% used [0x00000000e0000000,0x00000000e0000000,0x00000000e7300000)
  from space 18944K, 99% used [0x00000000e7300000,0x00000000e857bef0,0x00000000e8580000)
  to   space 23552K, 0% used [0x00000000ea180000,0x00000000ea180000,0x00000000eb880000)
 ParOldGen       total 94208K, used 33317K [0x00000000a0000000, 0x00000000a5c00000, 0x00000000e0000000)
  object space 94208K, 35% used [0x00000000a0000000,0x00000000a20895c8,0x00000000a5c00000)
 Metaspace       used 57176K, capacity 58908K, committed 59008K, reserved 1099776K
  class space    used 7817K, capacity 8261K, committed 8320K, reserved 1048576K
Event: 14.000 GC heap after
Heap after GC invocations=16 (full 3):
 PSYoungGen      total 136704K, used 0K [0x00000000e0000000, 0x00000000eb880000, 0x0000000100000000)
  eden space 117760K, 0% used [0x00000000e0000000,0x00000000e0000000,0x00000000e7300000)
  from space 18944K, 0% used [0x00000000e7300000,0x00000000e7300000,0x00000000e8580000)
  to   space 23552K, 0% used [0x00000000ea180000,0x00000000ea180000,0x00000000eb880000)
 ParOldGen       total 154112K, used 41111K [0x00000000a0000000, 0x00000000a9680000, 0x00000000e0000000)
  object space 154112K, 26% used [0x00000000a0000000,0x00000000a2825d40,0x00000000a9680000)
 Metaspace       used 57176K, capacity 58908K, committed 59008K, reserved 1099776K
  class space    used 7817K, capacity 8261K, committed 8320K, reserved 1048576K
}
Event: 20.865 GC heap before
{Heap before GC invocations=17 (full 3):
 PSYoungGen      total 136704K, used 117760K [0x00000000e0000000, 0x00000000eb880000, 0x0000000100000000)
  eden space 117760K, 100% used [0x00000000e0000000,0x00000000e7300000,0x00000000e7300000)
  from space 18944K, 0% used [0x00000000e7300000,0x00000000e7300000,0x00000000e8580000)
  to   space 23552K, 0% used [0x00000000ea180000,0x00000000ea180000,0x00000000eb880000)
 ParOldGen       total 154112K, used 41111K [0x00000000a0000000, 0x00000000a9680000, 0x00000000e0000000)
  object space 154112K, 26% used [0x00000000a0000000,0x00000000a2825d40,0x00000000a9680000)
 Metaspace       used 64229K, capacity 66138K, committed 66304K, reserved 1105920K
  class space    used 8650K, capacity 9110K, committed 9216K, reserved 1048576K
Event: 20.875 GC heap after
Heap after GC invocations=17 (full 3):
 PSYoungGen      total 157184K, used 13250K [0x00000000e0000000, 0x00000000eb400000, 0x0000000100000000)
  eden space 138240K, 0% used [0x00000000e0000000,0x00000000e0000000,0x00000000e8700000)
  from space 18944K, 69% used [0x00000000ea180000,0x00000000eae70b80,0x00000000eb400000)
  to   space 23040K, 0% used [0x00000000e8700000,0x00000000e8700000,0x00000000e9d80000)
 ParOldGen       total 154112K, used 41119K [0x00000000a0000000, 0x00000000a9680000, 0x00000000e0000000)
  object space 154112K, 26% used [0x00000000a0000000,0x00000000a2827d40,0x00000000a9680000)
 Metaspace       used 64229K, capacity 66138K, committed 66304K, reserved 1105920K
  class space    used 8650K, capacity 9110K, committed 9216K, reserved 1048576K
}
Event: 25.387 GC heap before
{Heap before GC invocations=18 (full 3):
 PSYoungGen      total 157184K, used 151490K [0x00000000e0000000, 0x00000000eb400000, 0x0000000100000000)
  eden space 138240K, 100% used [0x00000000e0000000,0x00000000e8700000,0x00000000e8700000)
  from space 18944K, 69% used [0x00000000ea180000,0x00000000eae70b80,0x00000000eb400000)
  to   space 23040K, 0% used [0x00000000e8700000,0x00000000e8700000,0x00000000e9d80000)
 ParOldGen       total 154112K, used 41119K [0x00000000a0000000, 0x00000000a9680000, 0x00000000e0000000)
  object space 154112K, 26% used [0x00000000a0000000,0x00000000a2827d40,0x00000000a9680000)
 Metaspace       used 76852K, capacity 80016K, committed 80128K, reserved 1118208K
  class space    used 10326K, capacity 10982K, committed 11008K, reserved 1048576K
Event: 25.402 GC heap after
Heap after GC invocations=18 (full 3):
 PSYoungGen      total 161280K, used 22804K [0x00000000e0000000, 0x00000000ecf00000, 0x0000000100000000)
  eden space 138240K, 0% used [0x00000000e0000000,0x00000000e0000000,0x00000000e8700000)
  from space 23040K, 98% used [0x00000000e8700000,0x00000000e9d45140,0x00000000e9d80000)
  to   space 26112K, 0% used [0x00000000eb580000,0x00000000eb580000,0x00000000ecf00000)
 ParOldGen       total 154112K, used 41127K [0x00000000a0000000, 0x00000000a9680000, 0x00000000e0000000)
  object space 154112K, 26% used [0x00000000a0000000,0x00000000a2829d40,0x00000000a9680000)
 Metaspace       used 76852K, capacity 80016K, committed 80128K, reserved 1118208K
  class space    used 10326K, capacity 10982K, committed 11008K, reserved 1048576K
}

Deoptimization events (10 events):
Event: 91.418 Thread 0x000000001c7e2800 Uncommon trap: reason=bimorphic action=maybe_recompile pc=0x00000000061dcf98 method=java.util.HashMap.removeNode(ILjava/lang/Object;Ljava/lang/Object;ZZ)Ljava/util/HashMap$Node; @ 283
Event: 500.199 Thread 0x000000001fb4f800 Uncommon trap: reason=class_check action=maybe_recompile pc=0x0000000004f291a0 method=java.lang.reflect.Array.newInstance(Ljava/lang/Class;I)Ljava/lang/Object; @ 2
Event: 500.200 Thread 0x000000001fb4f800 Uncommon trap: reason=class_check action=maybe_recompile pc=0x0000000004f291a0 method=java.lang.reflect.Array.newInstance(Ljava/lang/Class;I)Ljava/lang/Object; @ 2
Event: 500.232 Thread 0x000000001fb51000 Uncommon trap: reason=predicate action=maybe_recompile pc=0x00000000056066b8 method=com.google.common.collect.ImmutableSet.construct(I[Ljava/lang/Object;)Lcom/google/common/collect/ImmutableSet; @ 71
Event: 500.238 Thread 0x000000001fb51000 Uncommon trap: reason=class_check action=maybe_recompile pc=0x0000000006870a44 method=org.gradle.api.internal.changedetection.state.CachingFileHasher.snapshot(Ljava/io/File;JJ)Lorg/gradle/api/internal/changedetection/state/CachingFileHasher$FileInfo; @ 14
Event: 500.238 Thread 0x000000001fb51000 Uncommon trap: reason=class_check action=maybe_recompile pc=0x0000000006870a44 method=org.gradle.api.internal.changedetection.state.CachingFileHasher.snapshot(Ljava/io/File;JJ)Lorg/gradle/api/internal/changedetection/state/CachingFileHasher$FileInfo; @ 14
Event: 500.248 Thread 0x000000001fb51000 Uncommon trap: reason=class_check action=maybe_recompile pc=0x0000000006870a44 method=org.gradle.api.internal.changedetection.state.CachingFileHasher.snapshot(Ljava/io/File;JJ)Lorg/gradle/api/internal/changedetection/state/CachingFileHasher$FileInfo; @ 14
Event: 500.394 Thread 0x000000001fb51000 Uncommon trap: reason=class_check action=maybe_recompile pc=0x0000000006870a44 method=org.gradle.api.internal.changedetection.state.CachingFileHasher.snapshot(Ljava/io/File;JJ)Lorg/gradle/api/internal/changedetection/state/CachingFileHasher$FileInfo; @ 14
Event: 500.462 Thread 0x000000001fb51000 Uncommon trap: reason=bimorphic action=maybe_recompile pc=0x000000000654a2ac method=java.util.stream.MatchOps$1MatchSink.accept(Ljava/lang/Object;)V @ 12
Event: 500.986 Thread 0x000000001fb51000 Uncommon trap: reason=unstable_if action=reinterpret pc=0x000000000559b660 method=org.gradle.api.internal.artifacts.transform.ChainedTransformer.hasCachedResult(Ljava/io/File;)Z @ 10

Classes redefined (0 events):
No events

Internal exceptions (10 events):
Event: 25.382 Thread 0x000000001ca27000 Exception <a 'java/lang/NoSuchMethodError': <clinit>> (0x00000000e853cb30) thrown at [D:\src\AOSP-openjdk-cygwin\jdk8u\hotspot\src\share\vm\prims\jni.cpp, line 1613]
Event: 25.382 Thread 0x000000001ca27000 Exception <a 'java/lang/NoSuchMethodError': <clinit>> (0x00000000e8546c18) thrown at [D:\src\AOSP-openjdk-cygwin\jdk8u\hotspot\src\share\vm\prims\jni.cpp, line 1613]
Event: 25.383 Thread 0x000000001ca27000 Exception <a 'java/lang/NoSuchMethodError': <clinit>> (0x00000000e8552c18) thrown at [D:\src\AOSP-openjdk-cygwin\jdk8u\hotspot\src\share\vm\prims\jni.cpp, line 1613]
Event: 25.384 Thread 0x000000001ca27000 Exception <a 'java/lang/NoSuchMethodError': <clinit>> (0x00000000e855d580) thrown at [D:\src\AOSP-openjdk-cygwin\jdk8u\hotspot\src\share\vm\prims\jni.cpp, line 1613]
Event: 25.384 Thread 0x000000001ca27000 Exception <a 'java/lang/NoSuchMethodError': <clinit>> (0x00000000e8566c38) thrown at [D:\src\AOSP-openjdk-cygwin\jdk8u\hotspot\src\share\vm\prims\jni.cpp, line 1613]
Event: 25.386 Thread 0x000000001ca27000 Exception <a 'java/lang/NoSuchMethodError': <clinit>> (0x00000000e8582530) thrown at [D:\src\AOSP-openjdk-cygwin\jdk8u\hotspot\src\share\vm\prims\jni.cpp, line 1613]
Event: 25.404 Thread 0x000000001ca27000 Exception <a 'java/lang/NoSuchMethodError': <clinit>> (0x00000000e002a4a8) thrown at [D:\src\AOSP-openjdk-cygwin\jdk8u\hotspot\src\share\vm\prims\jni.cpp, line 1613]
Event: 25.405 Thread 0x000000001ca27000 Exception <a 'java/lang/NoSuchMethodError': <clinit>> (0x00000000e002f4e0) thrown at [D:\src\AOSP-openjdk-cygwin\jdk8u\hotspot\src\share\vm\prims\jni.cpp, line 1613]
Event: 25.412 Thread 0x000000001c9fd800 Exception <a 'java/lang/NoSuchMethodError': <clinit>> (0x00000000e02e7a18) thrown at [D:\src\AOSP-openjdk-cygwin\jdk8u\hotspot\src\share\vm\prims\jni.cpp, line 1613]
Event: 500.422 Thread 0x000000001fb51000 Exception <a 'sun/nio/fs/WindowsException'> (0x00000000e15e2770) thrown at [D:\src\AOSP-openjdk-cygwin\jdk8u\hotspot\src\share\vm\prims\jni.cpp, line 709]

Events (10 events):
Event: 500.602 Executing VM operation: RevokeBias done
Event: 500.602 Executing VM operation: RevokeBias
Event: 500.602 Executing VM operation: RevokeBias done
Event: 500.602 Executing VM operation: RevokeBias
Event: 500.603 Executing VM operation: RevokeBias done
Event: 500.986 Thread 0x000000001fb51000 Uncommon trap: trap_request=0xffffff65 fr.pc=0x000000000559b660
Event: 500.986 Thread 0x000000001fb51000 DEOPT PACKING pc=0x000000000559b660 sp=0x000000002b57b0f0
Event: 500.986 Thread 0x000000001fb51000 DEOPT UNPACKING pc=0x0000000004e5557b sp=0x000000002b57b0b8 mode 2
Event: 500.987 Executing VM operation: RevokeBias
Event: 500.987 Executing VM operation: RevokeBias done


Dynamic libraries:
0x00007ff704160000 - 0x00007ff704191000 	D:\Android3\jre\bin\java.exe
0x00007ff9711d0000 - 0x00007ff9713b0000 	C:\WINDOWS\SYSTEM32\ntdll.dll
0x00007ff96f890000 - 0x00007ff96f93e000 	C:\WINDOWS\System32\KERNEL32.DLL
0x00007ff96d750000 - 0x00007ff96d9b6000 	C:\WINDOWS\System32\KERNELBASE.dll
0x00007ff970e20000 - 0x00007ff970ec1000 	C:\WINDOWS\System32\ADVAPI32.dll
0x00007ff96e6a0000 - 0x00007ff96e73d000 	C:\WINDOWS\System32\msvcrt.dll
0x00007ff96f5e0000 - 0x00007ff96f63b000 	C:\WINDOWS\System32\sechost.dll
0x00007ff96ec10000 - 0x00007ff96ed2f000 	C:\WINDOWS\System32\RPCRT4.dll
0x00007ff96f0d0000 - 0x00007ff96f25f000 	C:\WINDOWS\System32\USER32.dll
0x00007ff96da70000 - 0x00007ff96da90000 	C:\WINDOWS\System32\win32u.dll
0x00007ff96f640000 - 0x00007ff96f668000 	C:\WINDOWS\System32\GDI32.dll
0x00007ff96ddb0000 - 0x00007ff96df43000 	C:\WINDOWS\System32\gdi32full.dll
0x00007ff96da90000 - 0x00007ff96db2b000 	C:\WINDOWS\System32\msvcp_win.dll
0x00007ff96d5d0000 - 0x00007ff96d6c6000 	C:\WINDOWS\System32\ucrtbase.dll
0x00007ff95e980000 - 0x00007ff95ebe9000 	C:\WINDOWS\WinSxS\amd64_microsoft.windows.common-controls_6595b64144ccf1df_6.0.16299.492_none_15c8d3609364b9b0\COMCTL32.dll
0x00007ff96f2c0000 - 0x00007ff96f5c7000 	C:\WINDOWS\System32\combase.dll
0x00007ff96d6d0000 - 0x00007ff96d742000 	C:\WINDOWS\System32\bcryptPrimitives.dll
0x00007ff96f6f0000 - 0x00007ff96f71d000 	C:\WINDOWS\System32\IMM32.DLL
0x0000000055910000 - 0x00000000559e2000 	D:\Android3\jre\jre\bin\msvcr100.dll
0x00000000559f0000 - 0x0000000056231000 	D:\Android3\jre\jre\bin\server\jvm.dll
0x00007ff96f6e0000 - 0x00007ff96f6e8000 	C:\WINDOWS\System32\PSAPI.DLL
0x00007ff960e50000 - 0x00007ff960e59000 	C:\WINDOWS\SYSTEM32\WSOCK32.dll
0x00007ff968850000 - 0x00007ff96885a000 	C:\WINDOWS\SYSTEM32\VERSION.dll
0x00007ff965d50000 - 0x00007ff965d73000 	C:\WINDOWS\SYSTEM32\WINMM.dll
0x00007ff96f670000 - 0x00007ff96f6dc000 	C:\WINDOWS\System32\WS2_32.dll
0x00007ff965d20000 - 0x00007ff965d4a000 	C:\WINDOWS\SYSTEM32\winmmbase.dll
0x00007ff96d9c0000 - 0x00007ff96da0a000 	C:\WINDOWS\System32\cfgmgr32.dll
0x00007ff9601a0000 - 0x00007ff9601af000 	D:\Android3\jre\jre\bin\verify.dll
0x00007ff9562e0000 - 0x00007ff956309000 	D:\Android3\jre\jre\bin\java.dll
0x00007ff956200000 - 0x00007ff956216000 	D:\Android3\jre\jre\bin\zip.dll
0x00007ff96f940000 - 0x00007ff970d78000 	C:\WINDOWS\System32\SHELL32.dll
0x00007ff96eed0000 - 0x00007ff96ef76000 	C:\WINDOWS\System32\shcore.dll
0x00007ff96df50000 - 0x00007ff96e697000 	C:\WINDOWS\System32\windows.storage.dll
0x00007ff96f260000 - 0x00007ff96f2b1000 	C:\WINDOWS\System32\shlwapi.dll
0x00007ff96d590000 - 0x00007ff96d5a1000 	C:\WINDOWS\System32\kernel.appcore.dll
0x00007ff96d520000 - 0x00007ff96d56c000 	C:\WINDOWS\System32\powrprof.dll
0x00007ff96d5b0000 - 0x00007ff96d5cb000 	C:\WINDOWS\System32\profapi.dll
0x00007ff9558d0000 - 0x00007ff9558ea000 	D:\Android3\jre\jre\bin\net.dll
0x00007ff96cd50000 - 0x00007ff96cdb6000 	C:\WINDOWS\system32\mswsock.dll
0x00007ff9491a0000 - 0x00007ff9491b1000 	D:\Android3\jre\jre\bin\nio.dll
0x00007ff956530000 - 0x00007ff95654e000 	C:\Users\Administrator\.gradle\native\25\windows-amd64\native-platform.dll
0x00007ff95cc50000 - 0x00007ff95cc5d000 	D:\Android3\jre\jre\bin\management.dll
0x00007ff96cf10000 - 0x00007ff96cf27000 	C:\WINDOWS\SYSTEM32\CRYPTSP.dll
0x00007ff96c950000 - 0x00007ff96c983000 	C:\WINDOWS\system32\rsaenh.dll
0x00007ff96d010000 - 0x00007ff96d035000 	C:\WINDOWS\SYSTEM32\bcrypt.dll
0x00007ff96d420000 - 0x00007ff96d449000 	C:\WINDOWS\SYSTEM32\USERENV.dll
0x00007ff96d350000 - 0x00007ff96d35b000 	C:\WINDOWS\SYSTEM32\CRYPTBASE.dll
0x00007ff96cae0000 - 0x00007ff96cb19000 	C:\WINDOWS\SYSTEM32\IPHLPAPI.DLL
0x00007ff96ed30000 - 0x00007ff96ed38000 	C:\WINDOWS\System32\NSI.dll
0x00007ff9686f0000 - 0x00007ff968706000 	C:\WINDOWS\SYSTEM32\dhcpcsvc6.DLL
0x00007ff968320000 - 0x00007ff96833a000 	C:\WINDOWS\SYSTEM32\dhcpcsvc.DLL

VM Arguments:
jvm_args: -Xmx1536m -Dfile.encoding=x-windows-949 -Duser.country=KR -Duser.language=ko -Duser.variant 
java_command: org.gradle.launcher.daemon.bootstrap.GradleDaemon 4.6
java_class_path (initial): C:\Users\Administrator\.gradle\wrapper\dists\gradle-4.6-all\bcst21l2brirad8k2ben1letg\gradle-4.6\lib\gradle-launcher-4.6.jar
Launcher Type: SUN_STANDARD

Environment Variables:
PATH=C:\Program Files\NVIDIA GPU Computing Toolkit\CUDA\v9.0\bin;C:\Program Files\NVIDIA GPU Computing Toolkit\CUDA\v9.0\libnvvp;C:\WINDOWS\system32;C:\WINDOWS;C:\WINDOWS\System32\Wbem;C:\WINDOWS\System32\WindowsPowerShell\v1.0\;C:\Program Files (x86)\NVIDIA Corporation\PhysX\Common;C:\Program Files\Microsoft VS Code\bin;C:\Program Files\Git\cmd;C:\Users\Administrator\AppData\Roaming\Microsoft\Windows\Start Menu\Programs\Anaconda3 (64-bit);C:\Program Files\Microsoft VS Code\Code.exe;C:\Users\Administrator\AppData\Local\Programs\Python\Python37\Scripts\;C:\Users\Administrator\AppData\Local\Programs\Python\Python37\;C:\Program Files\nodejs\;C:\Users\Administrator\AppData\Roaming\OCamlPro\OCPWin\wrappers;C:\Users\Administrator\AppData\Roaming\OCamlPro\OCPWin\4.01.0+ocp1-full-mingw64-20160113\bin;C:\Users\Administrator\AppData\Local\Microsoft\WindowsApps;C:\Users\Administrator\AppData\Roaming\npm;C:\Users\Administrator\AppData\Local\atom\bin
USERNAME=Administrator
OS=Windows_NT
PROCESSOR_IDENTIFIER=Intel64 Family 6 Model 94 Stepping 3, GenuineIntel



---------------  S Y S T E M  ---------------

OS: Windows 10.0 , 64 bit Build 16299 (10.0.16299.431)

CPU:total 8 (initial active 8) (4 cores per cpu, 2 threads per core) family 6 model 94 stepping 3, cmov, cx8, fxsr, mmx, sse, sse2, sse3, ssse3, sse4.1, sse4.2, popcnt, avx, avx2, aes, clmul, erms, rtm, 3dnowpref, lzcnt, ht, tsc, tscinvbit, bmi1, bmi2, adx

Memory: 4k page, physical 8336172k(1196356k free), swap 33501996k(2552k free)

vm_info: OpenJDK 64-Bit Server VM (25.152-b06) for windows-amd64 JRE (1.8.0_152-release-1136-b06), built by "builder" with MS VC++ 10.0 (VS2010)

time: Fri Dec 07 17:45:44 2018
elapsed time: 501 seconds (0d 0h 8m 21s)

